[    0.000000] Linux version 4.15.0-212-generic (buildd@lcy02-amd64-083) (gcc version 7.5.0 (Ubuntu 7.5.0-3ubuntu1~18.04)) #223-Ubuntu SMP Tue May 23 13:09:22 UTC 2023 (Ubuntu 4.15.0-212.223-generic 4.15.18)
[    0.000000] Command line: BOOT_IMAGE=/boot/vmlinuz-4.15.0-212-generic root=LABEL=cloudimg-rootfs ro console=tty1 console=ttyS0
[    0.000000] KERNEL supported cpus:
[    0.000000]   Intel GenuineIntel
[    0.000000]   AMD AuthenticAMD
[    0.000000]   Centaur CentaurHauls
[    0.000000] x86/fpu: Supporting XSAVE feature 0x001: 'x87 floating point registers'
[    0.000000] x86/fpu: Supporting XSAVE feature 0x002: 'SSE registers'
[    0.000000] x86/fpu: Supporting XSAVE feature 0x004: 'AVX registers'
[    0.000000] x86/fpu: xstate_offset[2]:  576, xstate_sizes[2]:  256
[    0.000000] x86/fpu: Enabled xstate features 0x7, context size is 832 bytes, using 'standard' format.
[    0.000000] e820: BIOS-provided physical RAM map:
[    0.000000] BIOS-e820: [mem 0x0000000000000000-0x000000000009fbff] usable
[    0.000000] BIOS-e820: [mem 0x000000000009fc00-0x000000000009ffff] reserved
[    0.000000] BIOS-e820: [mem 0x00000000000f0000-0x00000000000fffff] reserved
[    0.000000] BIOS-e820: [mem 0x0000000000100000-0x000000003ffeffff] usable
[    0.000000] BIOS-e820: [mem 0x000000003fff0000-0x000000003fffffff] ACPI data
[    0.000000] BIOS-e820: [mem 0x00000000fec00000-0x00000000fec00fff] reserved
[    0.000000] BIOS-e820: [mem 0x00000000fee00000-0x00000000fee00fff] reserved
[    0.000000] BIOS-e820: [mem 0x00000000fffc0000-0x00000000ffffffff] reserved
[    0.000000] NX (Execute Disable) protection: active
[    0.000000] SMBIOS 2.5 present.
[    0.000000] DMI: innotek GmbH VirtualBox/VirtualBox, BIOS VirtualBox 12/01/2006
[    0.000000] Hypervisor detected: KVM
[    0.000000] e820: last_pfn = 0x3fff0 max_arch_pfn = 0x400000000
[    0.000000] MTRR: Disabled
[    0.000000] x86/PAT: MTRRs disabled, skipping PAT initialization too.
[    0.000000] CPU MTRRs all blank - virtualized system.
[    0.000000] x86/PAT: Configuration [0-7]: WB  WT  UC- UC  WB  WT  UC- UC  
[    0.000000] found SMP MP-table at [mem 0x0009fff0-0x0009ffff]
[    0.000000] Scanning 1 areas for low memory corruption
[    0.000000] RAMDISK: [mem 0x359cb000-0x36cdcfff]
[    0.000000] ACPI: Early table checksum verification disabled
[    0.000000] ACPI: RSDP 0x00000000000E0000 000024 (v02 VBOX  )
[    0.000000] ACPI: XSDT 0x000000003FFF0030 00003C (v01 VBOX   VBOXXSDT 00000001 ASL  00000061)
[    0.000000] ACPI: FACP 0x000000003FFF00F0 0000F4 (v04 VBOX   VBOXFACP 00000001 ASL  00000061)
[    0.000000] ACPI: DSDT 0x000000003FFF0470 002325 (v02 VBOX   VBOXBIOS 00000002 INTL 20200925)
[    0.000000] ACPI: FACS 0x000000003FFF0200 000040
[    0.000000] ACPI: FACS 0x000000003FFF0200 000040
[    0.000000] ACPI: APIC 0x000000003FFF0240 00005C (v02 VBOX   VBOXAPIC 00000001 ASL  00000061)
[    0.000000] ACPI: SSDT 0x000000003FFF02A0 0001CC (v01 VBOX   VBOXCPUT 00000002 INTL 20200925)
[    0.000000] ACPI: Reserving FACP table memory at [mem 0x3fff00f0-0x3fff01e3]
[    0.000000] ACPI: Reserving DSDT table memory at [mem 0x3fff0470-0x3fff2794]
[    0.000000] ACPI: Reserving FACS table memory at [mem 0x3fff0200-0x3fff023f]
[    0.000000] ACPI: Reserving FACS table memory at [mem 0x3fff0200-0x3fff023f]
[    0.000000] ACPI: Reserving APIC table memory at [mem 0x3fff0240-0x3fff029b]
[    0.000000] ACPI: Reserving SSDT table memory at [mem 0x3fff02a0-0x3fff046b]
[    0.000000] No NUMA configuration found
[    0.000000] Faking a node at [mem 0x0000000000000000-0x000000003ffeffff]
[    0.000000] NODE_DATA(0) allocated [mem 0x3ffc5000-0x3ffeffff]
[    0.000000] kvm-clock: cpu 0, msr 0:3ff44001, primary cpu clock
[    0.000000] kvm-clock: Using msrs 4b564d01 and 4b564d00
[    0.000000] kvm-clock: using sched offset of 3756701881 cycles
[    0.000000] clocksource: kvm-clock: mask: 0xffffffffffffffff max_cycles: 0x1cd42e4dffb, max_idle_ns: 881590591483 ns
[    0.000000] Zone ranges:
[    0.000000]   DMA      [mem 0x0000000000001000-0x0000000000ffffff]
[    0.000000]   DMA32    [mem 0x0000000001000000-0x000000003ffeffff]
[    0.000000]   Normal   empty
[    0.000000]   Device   empty
[    0.000000] Movable zone start for each node
[    0.000000] Early memory node ranges
[    0.000000]   node   0: [mem 0x0000000000001000-0x000000000009efff]
[    0.000000]   node   0: [mem 0x0000000000100000-0x000000003ffeffff]
[    0.000000] Reserved but unavailable: 104 pages
[    0.000000] Initmem setup node 0 [mem 0x0000000000001000-0x000000003ffeffff]
[    0.000000] ACPI: PM-Timer IO Port: 0x4008
[    0.000000] IOAPIC[0]: apic_id 2, version 32, address 0xfec00000, GSI 0-23
[    0.000000] ACPI: INT_SRC_OVR (bus 0 bus_irq 0 global_irq 2 dfl dfl)
[    0.000000] ACPI: INT_SRC_OVR (bus 0 bus_irq 9 global_irq 9 low level)
[    0.000000] Using ACPI (MADT) for SMP configuration information
[    0.000000] smpboot: Allowing 2 CPUs, 0 hotplug CPUs
[    0.000000] PM: Registered nosave memory: [mem 0x00000000-0x00000fff]
[    0.000000] PM: Registered nosave memory: [mem 0x0009f000-0x0009ffff]
[    0.000000] PM: Registered nosave memory: [mem 0x000a0000-0x000effff]
[    0.000000] PM: Registered nosave memory: [mem 0x000f0000-0x000fffff]
[    0.000000] e820: [mem 0x40000000-0xfebfffff] available for PCI devices
[    0.000000] Booting paravirtualized kernel on KVM
[    0.000000] clocksource: refined-jiffies: mask: 0xffffffff max_cycles: 0xffffffff, max_idle_ns: 7645519600211568 ns
[    0.000000] setup_percpu: NR_CPUS:8192 nr_cpumask_bits:2 nr_cpu_ids:2 nr_node_ids:1
[    0.000000] percpu: Embedded 50 pages/cpu s167936 r8192 d28672 u1048576
[    0.000000] PV qspinlock hash table entries: 256 (order: 0, 4096 bytes)
[    0.000000] Built 1 zonelists, mobility grouping on.  Total pages: 257913
[    0.000000] Policy zone: DMA32
[    0.000000] Kernel command line: BOOT_IMAGE=/boot/vmlinuz-4.15.0-212-generic root=LABEL=cloudimg-rootfs ro console=tty1 console=ttyS0
[    0.000000] Memory: 982644K/1048120K available (12300K kernel code, 2477K rwdata, 4324K rodata, 2480K init, 2720K bss, 65476K reserved, 0K cma-reserved)
[    0.000000] SLUB: HWalign=64, Order=0-3, MinObjects=0, CPUs=2, Nodes=1
[    0.000000] Kernel/User page tables isolation: enabled
[    0.000000] ftrace: allocating 39508 entries in 155 pages
[    0.004000] Hierarchical RCU implementation.
[    0.004000] 	RCU restricting CPUs from NR_CPUS=8192 to nr_cpu_ids=2.
[    0.004000] 	Tasks RCU enabled.
[    0.004000] RCU: Adjusting geometry for rcu_fanout_leaf=16, nr_cpu_ids=2
[    0.004000] NR_IRQS: 524544, nr_irqs: 440, preallocated irqs: 16
[    0.004000] random: crng init done
[    0.004000] Console: colour VGA+ 80x25
[    0.004000] console [tty1] enabled
[    0.004000] console [ttyS0] enabled
[    0.004000] ACPI: Core revision 20170831
[    0.004000] ACPI: 2 ACPI AML tables successfully acquired and loaded
[    0.004000] APIC: Switch to symmetric I/O mode setup
[    0.004000] x2apic enabled
[    0.004000] Switched APIC routing to physical x2apic.
[    0.004000] ..TIMER: vector=0x30 apic1=0 pin1=2 apic2=-1 pin2=-1
[    0.004005] tsc: Detected 2194.920 MHz processor
[    0.004819] Calibrating delay loop (skipped) preset value.. 4389.84 BogoMIPS (lpj=8779680)
[    0.005476] pid_max: default: 32768 minimum: 301
[    0.006307] Security Framework initialized
[    0.008004] Yama: becoming mindful.
[    0.008706] AppArmor: AppArmor initialized
[    0.010501] Dentry cache hash table entries: 131072 (order: 8, 1048576 bytes)
[    0.012075] Inode-cache hash table entries: 65536 (order: 7, 524288 bytes)
[    0.013252] Mount-cache hash table entries: 2048 (order: 2, 16384 bytes)
[    0.014351] Mountpoint-cache hash table entries: 2048 (order: 2, 16384 bytes)
[    0.015823] Last level iTLB entries: 4KB 64, 2MB 8, 4MB 8
[    0.016003] Last level dTLB entries: 4KB 64, 2MB 0, 4MB 0, 1GB 4
[    0.017016] Spectre V1 : Mitigation: usercopy/swapgs barriers and __user pointer sanitization
[    0.018438] Spectre V2 : Mitigation: Retpolines
[    0.020002] Spectre V2 : Spectre v2 / SpectreRSB mitigation: Filling RSB on context switch
[    0.021502] Spectre V2 : Spectre v2 / SpectreRSB : Filling RSB on VMEXIT
[    0.022612] Speculative Store Bypass: Vulnerable
[    0.024057] MDS: Mitigation: Clear CPU buffers
[    0.026078] MMIO Stale Data: Unknown: No mitigations
[    0.028002] SRBDS: Unknown: Dependent on hypervisor status
[    0.029108] Freeing SMP alternatives memory: 36K
[    0.140362] smpboot: CPU0: Intel(R) Core(TM) i5-5200U CPU @ 2.20GHz (family: 0x6, model: 0x3d, stepping: 0x4)
[    0.142150] Performance Events: unsupported p6 CPU model 61 no PMU driver, software events only.
[    0.143963] Hierarchical SRCU implementation.
[    0.144635] NMI watchdog: Perf event create on CPU 0 failed with -2
[    0.146016] NMI watchdog: Perf NMI watchdog permanently disabled
[    0.148079] smp: Bringing up secondary CPUs ...
[    0.149224] x86: Booting SMP configuration:
[    0.150189] .... node  #0, CPUs:      #1
[    0.004000] kvm-clock: cpu 1, msr 0:3ff44041, secondary cpu clock
[    0.154060] smp: Brought up 1 node, 2 CPUs
[    0.154060] smpboot: Max logical packages: 1
[    0.156006] smpboot: Total of 2 processors activated (8779.68 BogoMIPS)
[    0.157625] devtmpfs: initialized
[    0.157625] x86/mm: Memory block size: 128MB
[    0.160149] evm: security.selinux
[    0.160939] evm: security.SMACK64
[    0.161763] evm: security.SMACK64EXEC
[    0.162664] evm: security.SMACK64TRANSMUTE
[    0.164003] evm: security.SMACK64MMAP
[    0.164865] evm: security.apparmor
[    0.165698] evm: security.ima
[    0.166419] evm: security.capability
[    0.167320] clocksource: jiffies: mask: 0xffffffff max_cycles: 0xffffffff, max_idle_ns: 7645041785100000 ns
[    0.168029] futex hash table entries: 512 (order: 3, 32768 bytes)
[    0.169199] pinctrl core: initialized pinctrl subsystem
[    0.172128] RTC time: 15:41:36, date: 03/15/24
[    0.173111] NET: Registered protocol family 16
[    0.174027] audit: initializing netlink subsys (disabled)
[    0.175032] audit: type=2000 audit(1710517300.961:1): state=initialized audit_enabled=0 res=1
[    0.176111] cpuidle: using governor ladder
[    0.176795] cpuidle: using governor menu
[    0.177554] ACPI: bus type PCI registered
[    0.180005] acpiphp: ACPI Hot Plug PCI Controller Driver version: 0.5
[    0.181232] PCI: Using configuration type 1 for base access
[    0.184029] HugeTLB registered 2.00 MiB page size, pre-allocated 0 pages
[    0.185196] ACPI: Added _OSI(Module Device)
[    0.185196] ACPI: Added _OSI(Processor Device)
[    0.185651] ACPI: Added _OSI(3.0 _SCP Extensions)
[    0.186485] ACPI: Added _OSI(Processor Aggregator Device)
[    0.188004] ACPI: Added _OSI(Linux-Dell-Video)
[    0.188815] ACPI: Added _OSI(Linux-Lenovo-NV-HDMI-Audio)
[    0.189738] ACPI: Added _OSI(Linux-HPI-Hybrid-Graphics)
[    0.190982] ACPI: Executed 1 blocks of module-level executable AML code
[    0.196629] ACPI: Interpreter enabled
[    0.197382] ACPI: (supports S0 S5)
[    0.198075] ACPI: Using IOAPIC for interrupt routing
[    0.199221] PCI: Using host bridge windows from ACPI; if necessary, use "pci=nocrs" and report a bug
[    0.200179] ACPI: Enabled 2 GPEs in block 00 to 07
[    0.208411] ACPI: PCI Root Bridge [PCI0] (domain 0000 [bus 00-ff])
[    0.209511] acpi PNP0A03:00: _OSC: OS supports [ASPM ClockPM Segments MSI]
[    0.211197] acpi PNP0A03:00: _OSC: not requesting OS control; OS requires [ExtendedConfig ASPM ClockPM MSI]
[    0.212015] acpi PNP0A03:00: fail to add MMCONFIG information, can't access extended PCI configuration space under this bridge.
[    0.214348] PCI host bridge to bus 0000:00
[    0.216005] pci_bus 0000:00: root bus resource [io  0x0000-0x0cf7 window]
[    0.217144] pci_bus 0000:00: root bus resource [io  0x0d00-0xffff window]
[    0.218287] pci_bus 0000:00: root bus resource [mem 0x000a0000-0x000bffff window]
[    0.220005] pci_bus 0000:00: root bus resource [mem 0x40000000-0xfdffffff window]
[    0.221353] pci_bus 0000:00: root bus resource [bus 00-ff]
[    0.224452] pci 0000:00:01.1: legacy IDE quirk: reg 0x10: [io  0x01f0-0x01f7]
[    0.225699] pci 0000:00:01.1: legacy IDE quirk: reg 0x14: [io  0x03f6]
[    0.226804] pci 0000:00:01.1: legacy IDE quirk: reg 0x18: [io  0x0170-0x0177]
[    0.228003] pci 0000:00:01.1: legacy IDE quirk: reg 0x1c: [io  0x0376]
[    0.249879] pci 0000:00:07.0: quirk: [io  0x4000-0x403f] claimed by PIIX4 ACPI
[    0.251289] pci 0000:00:07.0: quirk: [io  0x4100-0x410f] claimed by PIIX4 SMB
[    0.266065] ACPI: PCI Interrupt Link [LNKA] (IRQs 5 9 10 *11)
[    0.267537] ACPI: PCI Interrupt Link [LNKB] (IRQs 5 9 *10 11)
[    0.268117] ACPI: PCI Interrupt Link [LNKC] (IRQs 5 *9 10 11)
[    0.269251] ACPI: PCI Interrupt Link [LNKD] (IRQs 5 9 10 *11)
[    0.270682] SCSI subsystem initialized
[    0.272057] pci 0000:00:02.0: vgaarb: setting as boot VGA device
[    0.273093] pci 0000:00:02.0: vgaarb: VGA device added: decodes=io+mem,owns=io+mem,locks=none
[    0.274600] pci 0000:00:02.0: vgaarb: bridge control possible
[    0.276012] vgaarb: loaded
[    0.276588] ACPI: bus type USB registered
[    0.277352] usbcore: registered new interface driver usbfs
[    0.278378] usbcore: registered new interface driver hub
[    0.279311] usbcore: registered new device driver usb
[    0.280065] EDAC MC: Ver: 3.0.0
[    0.280871] PCI: Using ACPI for IRQ routing
[    0.281091] NetLabel: Initializing
[    0.281737] NetLabel:  domain hash size = 128
[    0.282531] NetLabel:  protocols = UNLABELED CIPSOv4 CALIPSO
[    0.284034] NetLabel:  unlabeled traffic allowed by default
[    0.285052] clocksource: Switched to clocksource kvm-clock
[    0.297828] VFS: Disk quotas dquot_6.6.0
[    0.298628] VFS: Dquot-cache hash table entries: 512 (order 0, 4096 bytes)
[    0.299888] AppArmor: AppArmor Filesystem Enabled
[    0.300929] pnp: PnP ACPI init
[    0.302660] pnp: PnP ACPI: found 3 devices
[    0.311913] clocksource: acpi_pm: mask: 0xffffff max_cycles: 0xffffff, max_idle_ns: 2085701024 ns
[    0.313537] NET: Registered protocol family 2
[    0.314360] IP idents hash table entries: 16384 (order: 5, 131072 bytes)
[    0.316757] TCP established hash table entries: 8192 (order: 4, 65536 bytes)
[    0.318065] TCP bind hash table entries: 8192 (order: 5, 131072 bytes)
[    0.320308] TCP: Hash tables configured (established 8192 bind 8192)
[    0.321843] UDP hash table entries: 512 (order: 2, 16384 bytes)
[    0.323275] UDP-Lite hash table entries: 512 (order: 2, 16384 bytes)
[    0.325007] NET: Registered protocol family 1
[    0.325886] pci 0000:00:00.0: Limiting direct PCI/PCI transfers
[    0.326959] pci 0000:00:01.0: Activating ISA DMA hang workarounds
[    0.328120] pci 0000:00:02.0: Video device with shadowed ROM at [mem 0x000c0000-0x000dffff]
[    0.329705] Unpacking initramfs...
[    0.667857] Freeing initrd memory: 19528K
[    0.669154] clocksource: tsc: mask: 0xffffffffffffffff max_cycles: 0x1fa373f688b, max_idle_ns: 440795233648 ns
[    0.671925] platform rtc_cmos: registered platform RTC device (no PNP device found)
[    0.674126] Scanning for low memory corruption every 60 seconds
[    0.676687] Initialise system trusted keyrings
[    0.677889] Key type blacklist registered
[    0.679065] workingset: timestamp_bits=36 max_order=18 bucket_order=0
[    0.682510] zbud: loaded
[    0.684108] squashfs: version 4.0 (2009/01/31) Phillip Lougher
[    0.686019] fuse init (API version 7.26)
[    0.690710] Key type asymmetric registered
[    0.691888] Asymmetric key parser 'x509' registered
[    0.693344] Block layer SCSI generic (bsg) driver version 0.4 loaded (major 246)
[    0.695533] io scheduler noop registered
[    0.696791] io scheduler deadline registered
[    0.698008] io scheduler cfq registered (default)
[    0.699899] ACPI: AC Adapter [AC] (off-line)
[    0.701219] input: Power Button as /devices/LNXSYSTM:00/LNXPWRBN:00/input/input0
[    0.703347] ACPI: Power Button [PWRF]
[    0.704664] input: Sleep Button as /devices/LNXSYSTM:00/LNXSLPBN:00/input/input1
[    0.706635] ACPI: Sleep Button [SLPF]
[    0.708219] Serial: 8250/16550 driver, 32 ports, IRQ sharing enabled
[    0.708507] ACPI: Battery Slot [BAT0] (battery present)
[    0.733205] 00:02: ttyS0 at I/O 0x3f8 (irq = 4, base_baud = 115200) is a 16550A
[    0.736128] Linux agpgart interface v0.103
[    0.739249] loop: module loaded
[    0.740534] scsi host0: ata_piix
[    0.741425] scsi host1: ata_piix
[    0.742432] ata1: PATA max UDMA/33 cmd 0x1f0 ctl 0x3f6 bmdma 0xd000 irq 14
[    0.743595] ata2: PATA max UDMA/33 cmd 0x170 ctl 0x376 bmdma 0xd008 irq 15
[    0.744980] tun: Universal TUN/TAP device driver, 1.6
[    0.746046] PPP generic driver version 2.4.2
[    0.746959] ehci_hcd: USB 2.0 'Enhanced' Host Controller (EHCI) Driver
[    0.748092] ehci-pci: EHCI PCI platform driver
[    0.748994] ehci-platform: EHCI generic platform driver
[    0.749921] ohci_hcd: USB 1.1 'Open' Host Controller (OHCI) Driver
[    0.751011] ohci-pci: OHCI PCI platform driver
[    0.751847] ohci-platform: OHCI generic platform driver
[    0.752904] uhci_hcd: USB Universal Host Controller Interface driver
[    0.754056] i8042: PNP: PS/2 Controller [PNP0303:PS2K,PNP0f03:PS2M] at 0x60,0x64 irq 1,12
[    0.755991] serio: i8042 KBD port at 0x60,0x64 irq 1
[    0.756981] serio: i8042 AUX port at 0x60,0x64 irq 12
[    0.757959] mousedev: PS/2 mouse device common for all mice
[    0.759179] input: AT Translated Set 2 keyboard as /devices/platform/i8042/serio0/input/input2
[    0.761191] rtc_cmos rtc_cmos: rtc core: registered rtc_cmos as rtc0
[    0.762678] rtc_cmos rtc_cmos: alarms up to one day, 114 bytes nvram
[    0.764074] i2c /dev entries driver
[    0.765077] device-mapper: uevent: version 1.0.3
[    0.766310] device-mapper: ioctl: 4.37.0-ioctl (2017-09-20) initialised: dm-devel@redhat.com
[    0.768219] ledtrig-cpu: registered to indicate activity on CPUs
[    0.770200] NET: Registered protocol family 10
[    0.775211] Segment Routing with IPv6
[    0.775997] NET: Registered protocol family 17
[    0.777168] Key type dns_resolver registered
[    0.778483] mce: Using 0 MCE banks
[    0.779335] RAS: Correctable Errors collector initialized.
[    0.780730] sched_clock: Marking stable (780669882, 0)->(944039941, -163370059)
[    0.782848] registered taskstats version 1
[    0.783806] Loading compiled-in X.509 certificates
[    0.787636] Loaded X.509 cert 'Build time autogenerated kernel key: b5b26778eaa3ab3a4a6cee031137706e947d12ad'
[    0.790408] Loaded X.509 cert 'Canonical Ltd. Live Patch Signing: 14df34d1a87cf37625abec039ef2bf521249b969'
[    0.792790] Loaded X.509 cert 'Canonical Ltd. Kernel Module Signing: 88f752e560a1e0737e31163a466ad7b70a850c19'
[    0.794505] blacklist: Loading compiled-in revocation X.509 certificates
[    0.795640] Loaded X.509 cert 'Canonical Ltd. Secure Boot Signing: 61482aa2830d0ab2ad5af10b7250da9033ddcef0'
[    0.797401] Loaded X.509 cert 'Canonical Ltd. Secure Boot Signing (2017): 242ade75ac4a15e50d50c84b0d45ff3eae707a03'
[    0.799171] Loaded X.509 cert 'Canonical Ltd. Secure Boot Signing (ESM 2018): 365188c1d374d6b07c3c8f240f8ef722433d6a8b'
[    0.801040] Loaded X.509 cert 'Canonical Ltd. Secure Boot Signing (2019): c0746fd6c5da3ae827864651ad66ae47fe24b3e8'
[    0.802820] Loaded X.509 cert 'Canonical Ltd. Secure Boot Signing (2021 v1): a8d54bbb3825cfb94fa13c9f8a594a195c107b8d'
[    0.804641] Loaded X.509 cert 'Canonical Ltd. Secure Boot Signing (2021 v2): 4cf046892d6fd3c9a5b03f98d845f90851dc6a8c'
[    0.808639] Loaded X.509 cert 'Canonical Ltd. Secure Boot Signing (2021 v3): 100437bb6de6e469b581e61cd66bce3ef4ed53af'
[    0.810436] Loaded X.509 cert 'Canonical Ltd. Secure Boot Signing (Ubuntu Core 2019): c1d57b8f6b743f23ee41f4f7ee292f06eecadfb9'
[    0.812371] zswap: loaded using pool lzo/zbud
[    0.817577] Key type big_key registered
[    0.818322] Key type trusted registered
[    0.820744] Key type encrypted registered
[    0.821514] AppArmor: AppArmor sha1 policy hashing enabled
[    0.822455] ima: No TPM chip found, activating TPM-bypass! (rc=-19)
[    0.823520] ima: Allocated hash algorithm: sha1
[    0.824390] evm: HMAC attrs: 0x1
[    0.825269]   Magic number: 0:831:689
[    0.826094] rtc_cmos rtc_cmos: setting system clock to 2024-03-15 15:41:36 UTC (1710517296)
[    0.827633] BIOS EDD facility v0.16 2004-Jun-25, 0 devices found
[    0.828744] EDD information not available.
[    1.093658] Freeing unused kernel image memory: 2480K
[    1.167331] Write protecting the kernel read-only data: 20480k
[    1.169167] Freeing unused kernel image memory: 2008K
[    1.170508] Freeing unused kernel image memory: 1820K
[    1.178390] x86/mm: Checked W+X mappings: passed, no W+X pages found.
[    1.179503] x86/mm: Checking user space page tables
[    1.187103] x86/mm: Checked W+X mappings: passed, no W+X pages found.
Loading, please wait...
starting version 237
[    1.264403] e1000: Intel(R) PRO/1000 Network Driver - version 7.3.21-k8-NAPI
[    1.268376] e1000: Copyright (c) 1999-2006 Intel Corporation.
[    1.278658] Fusion MPT base driver 3.04.20
[    1.279837] Copyright (c) 1999-2008 LSI Corporation
[    1.311977] AVX2 version of gcm_enc/dec engaged.
[    1.313229] AES CTR mode by8 optimization enabled
[    1.335007] Fusion MPT SPI Host driver 3.04.20
[    1.501899] input: ImExPS/2 Generic Explorer Mouse as /devices/platform/i8042/serio1/input/input4
[    1.700277] e1000 0000:00:03.0 eth0: (PCI:33MHz:32-bit) 02:3b:7b:b7:3b:2d
[    1.701501] e1000 0000:00:03.0 eth0: Intel(R) PRO/1000 Network Connection
[    1.703684] mptbase: ioc0: Initiating bringup
[    1.800350] ioc0: LSI53C1030 A0: Capabilities={Initiator}
[    2.042291] scsi host2: ioc0: LSI53C1030 A0, FwRev=00000000h, Ports=1, MaxQ=256, IRQ=20
[    2.208619] scsi 2:0:0:0: Direct-Access     VBOX     HARDDISK         1.0  PQ: 0 ANSI: 5
[    2.240231] scsi target2:0:0: Beginning Domain Validation
[    2.243079] scsi target2:0:0: Domain Validation skipping write tests
[    2.244256] scsi target2:0:0: Ending Domain Validation
[    2.254024] scsi target2:0:0: asynchronous
[    2.269597] scsi 2:0:1:0: Direct-Access     VBOX     HARDDISK         1.0  PQ: 0 ANSI: 5
[    2.305161] scsi target2:0:1: Beginning Domain Validation
[    2.321195] scsi target2:0:1: Domain Validation skipping write tests
[    2.323150] scsi target2:0:1: Ending Domain Validation
[    2.324681] scsi target2:0:1: asynchronous
[    2.329965] sd 2:0:0:0: [sda] 83886080 512-byte logical blocks: (42.9 GB/40.0 GiB)
[    2.331700] sd 2:0:0:0: [sda] Write Protect is off
[    2.332878] sd 2:0:0:0: [sda] Incomplete mode parameter data
[    2.334050] sd 2:0:0:0: [sda] Assuming drive cache: write through
[    2.335427] sd 2:0:0:0: Attached scsi generic sg0 type 0
[    2.338054] sd 2:0:1:0: [sdb] 20480 512-byte logical blocks: (10.5 MB/10.0 MiB)
[    2.342047] sd 2:0:1:0: [sdb] Write Protect is off
[    2.343532] sd 2:0:1:0: [sdb] Incomplete mode parameter data
[    2.344939] sd 2:0:1:0: [sdb] Assuming drive cache: write through
[    2.346433] sd 2:0:1:0: Attached scsi generic sg1 type 0
[    2.430695]  sda: sda1
[    2.432175] sd 2:0:0:0: [sda] Attached SCSI disk
[    2.484243] sd 2:0:1:0: [sdb] Attached SCSI disk
[    2.612938] e1000 0000:00:08.0 eth1: (PCI:33MHz:32-bit) 08:00:27:92:91:af
[    2.614497] e1000 0000:00:08.0 eth1: Intel(R) PRO/1000 Network Connection
[    2.617359] e1000 0000:00:03.0 enp0s3: renamed from eth0
[    2.632385] e1000 0000:00:08.0 enp0s8: renamed from eth1
Begin: Loading essential drivers ... [    4.112081] raid6: sse2x1   gen()  9079 MB/s
[    4.160043] raid6: sse2x1   xor()  6159 MB/s
[    4.208044] raid6: sse2x2   gen() 10662 MB/s
[    4.256071] raid6: sse2x2   xor()  6735 MB/s
[    4.304068] raid6: sse2x4   gen() 12576 MB/s
[    4.352061] raid6: sse2x4   xor()  7191 MB/s
[    4.400057] raid6: avx2x1   gen() 17137 MB/s
[    4.448055] raid6: avx2x1   xor() 11595 MB/s
[    4.496057] raid6: avx2x2   gen() 20013 MB/s
[    4.544064] raid6: avx2x2   xor() 11752 MB/s
[    4.592064] raid6: avx2x4   gen() 23061 MB/s
[    4.640064] raid6: avx2x4   xor() 14991 MB/s
[    4.640868] raid6: using algorithm avx2x4 gen() 23061 MB/s
[    4.641837] raid6: .... xor() 14991 MB/s, rmw enabled
[    4.642762] raid6: using avx2x2 recovery algorithm
[    4.645503] xor: automatically using best checksumming function   avx       
[    4.648646] async_tx: api initialized (async)
done.
Begin: Running /scripts/init-premount ... done.
Begin: Mounting root file system ... Begin: Running /scripts/local-top ... done.
Begin: Running /scripts/local-premount ... [    4.702436] Btrfs loaded, crc32c=crc32c-intel
Scanning for Btrfs filesystems
done.
Warning: fsck not present, so skipping root file system
[    4.843457] EXT4-fs (sda1): mounted filesystem with ordered data mode. Opts: (null)
done.
Begin: Running /scripts/local-bottom ... done.
Begin: Running /scripts/init-bottom ... done.
[    6.571929] ip_tables: (C) 2000-2006 Netfilter Core Team
[    6.715200] systemd[1]: systemd 237 running in system mode. (+PAM +AUDIT +SELINUX +IMA +APPARMOR +SMACK +SYSVINIT +UTMP +LIBCRYPTSETUP +GCRYPT +GNUTLS +ACL +XZ +LZ4 +SECCOMP +BLKID +ELFUTILS +KMOD -IDN2 +IDN -PCRE2 default-hierarchy=hybrid)
[    6.721385] systemd[1]: Detected virtualization oracle.
[    6.722327] systemd[1]: Detected architecture x86-64.

Welcome to [1mUbuntu 18.04.6 LTS[0m!

[    6.764390] systemd[1]: Set hostname to <ubuntu>.
[    6.780154] systemd[1]: Initializing machine ID from random generator.
[    6.782714] systemd[1]: Installed transient /etc/machine-id file.
[    8.580629] systemd[1]: Created slice System Slice.
[[0;32m  OK  [0m] Created slice System Slice.
[    8.582827] systemd[1]: Listening on fsck to fsckd communication Socket.
[[0;32m  OK  [0m] Listening on fsck to fsckd communication Socket.
[    8.585158] systemd[1]: Listening on /dev/initctl Compatibility Named Pipe.
[[0;32m  OK  [0m] Listening on /dev/initctl Compatibility Named Pipe.
[    8.587471] systemd[1]: Listening on LVM2 metadata daemon socket.
[[0;32m  OK  [0m] Listening on LVM2 metadata daemon socket.
[[0;32m  OK  [0m] Listening on LVM2 poll daemon socket.
[[0;32m  OK  [0m] Listening on Device-mapper event daemon FIFOs.
[[0;32m  OK  [0m] Listening on udev Control Socket.
[[0;32m  OK  [0m] Reached target User and Group Name Lookups.
[[0;32m  OK  [0m] Listening on Journal Audit Socket.
[[0;32m  OK  [0m] Listening on Journal Socket (/dev/log).
[[0;32m  OK  [0m] Listening on Journal Socket.
         Starting Monitoring of LVM2 mirrors…ng dmeventd or progress polling...
         Mounting Huge Pages File System...
         Starting Uncomplicated firewall...
[[0;32m  OK  [0m] Reached target Mounting snaps.
[[0;32m  OK  [0m] Reached target Mounted snaps.
[[0;32m  OK  [0m] Reached target Swap.
         Starting File System Check on Root Device...
[[0;32m  OK  [0m] Listening on Network Service Netlink Socket.
[[0;32m  OK  [0m] Started Forward Password Requests to Wall Directory Watch.
[[0;32m  OK  [0m] Created slice system-serial\x2dgetty.slice.
         Mounting POSIX Message Queue File System...
         Starting Load Kernel Modules...
[[0;32m  OK  [0m] Listening on Syslog Socket.
         Starting Journal Service...
[[0;32m  OK  [0m] Created slice User and Session Slice.
[[0;32m  OK  [0m] Reached target Slices.
         Starting Set the console keyboard layout...
         Starting Create list of required st…ce nodes for the current kernel...
[[0;32m  OK  [0m] Listening on udev Kernel Socket.
         Starting udev Coldplug all Devices...
[[0;32m  OK  [0m] Reached target System Time Synchronized.
[[0;32m  OK  [0m] Set up automount Arbitrary Executab…rmats File System Automount Point.
         Mounting Kernel Debug File System...
[[0;32m  OK  [0m] Started Journal Service.
[[0;32m  OK  [0m] Mounted Huge Pages File System.
[[0;32m  OK  [0m] Started Uncomplicated firewall.
[[0;32m  OK  [0m] Mounted POSIX Message Queue File System.
[[0;32m  OK  [0m] Started Create list of required sta…vice nodes for the current kernel.
[[0;32m  OK  [0m] Mounted Kernel Debug File System.
[[0;32m  OK  [0m] Started File System Check Daemon to report status.
         Starting Create Static Device Nodes in /dev...
[[0;32m  OK  [0m] Started udev Coldplug all Devices.
[[0;32m  OK  [0m] Started File System Check on Root Device.
         Starting Remount Root and Kernel File Systems...
[    9.561924] Loading iSCSI transport class v2.0-870.
[    9.593725] iscsi: registered transport (tcp)
[    9.764377] EXT4-fs (sda1): re-mounted. Opts: (null)
[[0;32m  OK  [0m] Started Remount Root and Kernel File Systems.
         Starting Flush Journal to Persistent Storage...
         Starting Load/Save Random Seed...
[    9.865305] iscsi: registered transport (iser)
[[0;32m  OK  [0m] Started Load Kernel Modules.
[[0;32m  OK  [0m] Started LVM2 metadata daemon.
         Starting Apply Kernel Variables...
         Mounting Kernel Configuration File System...
         Mounting FUSE Control File System...
[[0;32m  OK  [0m] Mounted Kernel Configuration File System.
[    9.923713] systemd-journald[403]: Received request to flush runtime journal from PID 1
[[0;32m  OK  [0m] Mounted FUSE Control File System.
[[0;32m  OK  [0m] Started Load/Save Random Seed.
[[0;32m  OK  [0m] Started Create Static Device Nodes in /dev.
         Starting udev Kernel Device Manager...
[[0;32m  OK  [0m] Started Apply Kernel Variables.
[[0;32m  OK  [0m] Started Monitoring of LVM2 mirrors,…sing dmeventd or progress polling.
[[0;32m  OK  [0m] Started Flush Journal to Persistent Storage.
[[0;32m  OK  [0m] Started udev Kernel Device Manager.
[[0;32m  OK  [0m] Found device /dev/ttyS0.
[[0;32m  OK  [0m] Listening on Load/Save RF Kill Switch Status /dev/rfkill Watch.
         Mounting Arbitrary Executable File Formats File System...
[[0;32m  OK  [0m] Mounted Arbitrary Executable File Formats File System.
[[0;32m  OK  [0m] Started Set the console keyboard layout.
[[0;32m  OK  [0m] Started Dispatch Password Requests to Console Directory Watch.
[[0;32m  OK  [0m] Reached target Local Encrypted Volumes.
[[0;32m  OK  [0m] Reached target Local File Systems (Pre).
[[0;32m  OK  [0m] Reached target Local File Systems.
         Starting AppArmor initialization...
         Starting Commit a transient machine-id on disk...
         Starting Tell Plymouth To Write Out Runtime Data...
         Starting Set console font and keymap...
         Starting ebtables ruleset management...
         Starting Create Volatile Files and Directories...
[[0;32m  OK  [0m] Started Tell Plymouth To Write Out Runtime Data.
[[0;32m  OK  [0m] Started Create Volatile Files and Directories.
         Starting Update UTMP about System Boot/Shutdown...
[[0;32m  OK  [0m] Started Update UTMP about System Boot/Shutdown.
[[0;32m  OK  [0m] Started Commit a transient machine-id on disk.
[[0;32m  OK  [0m] Started ebtables ruleset management.
[[0;32m  OK  [0m] Started AppArmor initialization.
         Starting Load AppArmor profiles managed internally by snapd...
         Starting Initial cloud-init job (pre-networking)...
[[0;32m  OK  [0m] Started Set console font and keymap.
[[0;32m  OK  [0m] Started Load AppArmor profiles managed internally by snapd.
[   21.769352] cloud-init[887]: Cloud-init v. 23.1.2-0ubuntu0~18.04.1 running 'init-local' at Fri, 15 Mar 2024 15:41:56 +0000. Up 20.80 seconds.
[[0;32m  OK  [0m] Started Initial cloud-init job (pre-networking).
[[0;32m  OK  [0m] Reached target Network (Pre).
         Starting Network Service...
[[0;32m  OK  [0m] Started Network Service.
         Starting Network Name Resolution...
         Starting Wait for Network to be Configured...
[[0;32m  OK  [0m] Started Network Name Resolution.
[[0;32m  OK  [0m] Reached target Network.
[[0;32m  OK  [0m] Reached target Host and Network Name Lookups.
[[0;32m  OK  [0m] Started Wait for Network to be Configured.
         Starting Initial cloud-init job (metadata service crawler)...
[   24.605513] cloud-init[1063]: Cloud-init v. 23.1.2-0ubuntu0~18.04.1 running 'init' at Fri, 15 Mar 2024 15:41:59 +0000. Up 24.31 seconds.
[   24.607455] cloud-init[1063]: ci-info: ++++++++++++++++++++++++++++++++++++++Net device info+++++++++++++++++++++++++++++++++++++++
[   24.609250] cloud-init[1063]: ci-info: +--------+-------+----------------------------+---------------+--------+-------------------+
[   24.611148] cloud-init[1063]: ci-info: | Device |   Up  |          Address           |      Mask     | Scope  |     Hw-Address    |
[   24.612933] cloud-init[1063]: ci-info: +--------+-------+----------------------------+---------------+--------+-------------------+
[   24.614603] cloud-init[1063]: ci-info: | enp0s3 |  True |         10.0.2.15          | 255.255.255.0 | global | 02:3b:7b:b7:3b:2d |
[   24.616263] cloud-init[1063]: ci-info: | enp0s3 |  True | fe80::3b:7bff:feb7:3b2d/64 |       .       |  link  | 02:3b:7b:b7:3b:2d |
[   24.617979] cloud-init[1063]: ci-info: | enp0s8 | False |             .              |       .       |   .    | 08:00:27:92:91:af |
[   24.619691] cloud-init[1063]: ci-info: |   lo   |  True |         127.0.0.1          |   255.0.0.0   |  host  |         .         |
[   24.621427] cloud-init[1063]: ci-info: |   lo   |  True |          ::1/128           |       .       |  host  |         .         |
[   24.623096] cloud-init[1063]: ci-info: +--------+-------+----------------------------+---------------+--------+-------------------+
[   24.624776] cloud-init[1063]: ci-info: ++++++++++++++++++++++++++++Route IPv4 info+++++++++++++++++++++++++++++
[   24.626294] cloud-init[1063]: ci-info: +-------+-------------+----------+-----------------+-----------+-------+
[   24.627780] cloud-init[1063]: ci-info: | Route | Destination | Gateway  |     Genmask     | Interface | Flags |
[   24.629404] cloud-init[1063]: ci-info: +-------+-------------+----------+-----------------+-----------+-------+
[   24.630846] cloud-init[1063]: ci-info: |   0   |   0.0.0.0   | 10.0.2.2 |     0.0.0.0     |   enp0s3  |   UG  |
[   24.632302] cloud-init[1063]: ci-info: |   1   |   10.0.2.0  | 0.0.0.0  |  255.255.255.0  |   enp0s3  |   U   |
[   24.633838] cloud-init[1063]: ci-info: |   2   |   10.0.2.2  | 0.0.0.0  | 255.255.255.255 |   enp0s3  |   UH  |
[   24.635360] cloud-init[1063]: ci-info: +-------+-------------+----------+-----------------+-----------+-------+
[   24.636879] cloud-init[1063]: ci-info: +++++++++++++++++++Route IPv6 info+++++++++++++++++++
[   24.638244] cloud-init[1063]: ci-info: +-------+-------------+---------+-----------+-------+
[   24.639554] cloud-init[1063]: ci-info: | Route | Destination | Gateway | Interface | Flags |
[   24.640874] cloud-init[1063]: ci-info: +-------+-------------+---------+-----------+-------+
[   24.642269] cloud-init[1063]: ci-info: |   1   |  fe80::/64  |    ::   |   enp0s3  |   U   |
[   24.643624] cloud-init[1063]: ci-info: |   3   |    local    |    ::   |   enp0s3  |   U   |
[   24.644874] cloud-init[1063]: ci-info: |   4   |   ff00::/8  |    ::   |   enp0s3  |   U   |
[   24.646228] cloud-init[1063]: ci-info: +-------+-------------+---------+-----------+-------+
[   26.571220] cloud-init[1063]: Generating public/private rsa key pair.
[   26.572329] cloud-init[1063]: Your identification has been saved in /etc/ssh/ssh_host_rsa_key.
[   26.573651] cloud-init[1063]: Your public key has been saved in /etc/ssh/ssh_host_rsa_key.pub.
[   26.575091] cloud-init[1063]: The key fingerprint is:
[   26.575948] cloud-init[1063]: SHA256:eTgmOIZxNIuSJqYBDadV12U3/9w1F4Sb9XQnNVMG58k root@ubuntu-bionic
[   26.577298] cloud-init[1063]: The key's randomart image is:
[   26.578190] cloud-init[1063]: +---[RSA 2048]----+
[   26.578674] cloud-init[1063]: |ooo.+ .. .o o +B*|
[   26.579448] cloud-init[1063]: |.=.o +  .. . +o=O|
[   26.580257] cloud-init[1063]: |*oo o         =EB|
[   26.581091] cloud-init[1063]: |=o + .   o   o o*|
[   26.581856] cloud-init[1063]: |. . + . S .     +|
[   26.582629] cloud-init[1063]: |   . . o o       |
[   26.583362] cloud-init[1063]: |                 |
[   26.583877] cloud-init[1063]: |                 |
[   26.584407] cloud-init[1063]: |                 |
[   26.584977] cloud-init[1063]: +----[SHA256]-----+
[   26.585754] cloud-init[1063]: Generating public/private dsa key pair.
[   26.586748] cloud-init[1063]: Your identification has been saved in /etc/ssh/ssh_host_dsa_key.
[   26.588190] cloud-init[1063]: Your public key has been saved in /etc/ssh/ssh_host_dsa_key.pub.
[   26.589545] cloud-init[1063]: The key fingerprint is:
[   26.590402] cloud-init[1063]: SHA256:XdOqaL0OZ1LboFTVuGau3J+GQp6ozsfw/LeHZPSSfBM root@ubuntu-bionic
[   26.591830] cloud-init[1063]: The key's randomart image is:
[   26.592703] cloud-init[1063]: +---[DSA 1024]----+
[   26.593485] cloud-init[1063]: |            .o   |
[   26.594242] cloud-init[1063]: |           ....  |
[   26.595034] cloud-init[1063]: |          . o..  |
[   26.595833] cloud-init[1063]: |         o .=oE  |
[   26.596636] cloud-init[1063]: |        S +*.o . |
[   26.597438] cloud-init[1063]: |      .. =.=B +  |
[   26.598222] cloud-init[1063]: |       =*=**.= . |
[   26.599022] cloud-init[1063]: |     . .*=*.= o. |
[   26.599915] cloud-init[1063]: |     .+o o+o.=o  |
[   26.600787] cloud-init[1063]: +----[SHA256]-----+
[   26.601604] cloud-init[1063]: Generating public/private ecdsa key pair.
[   26.602645] cloud-init[1063]: Your identification has been saved in /etc/ssh/ssh_host_ecdsa_key.
[   26.603965] cloud-init[1063]: Your public key has been saved in /etc/ssh/ssh_host_ecdsa_key.pub.
[   26.605382] cloud-init[1063]: The key fingerprint is:
[   26.606212] cloud-init[1063]: SHA256:ELy6mSgJsARND/67kXYrJZ6D6DYvMSqaT67jJbG9xH8 root@ubuntu-bionic
[   26.607601] cloud-init[1063]: The key's randomart image is:
[   26.608468] cloud-init[1063]: +---[ECDSA 256]---+
[   26.609247] cloud-init[1063]: | oo  ..          |
[   26.610068] cloud-init[1063]: |...o  ..         |
[   26.610890] cloud-init[1063]: |. . . ..         |
[   26.611689] cloud-init[1063]: |.. .  ..         |
[   26.612567] cloud-init[1063]: |oo  ..  S        |
[   26.613375] cloud-init[1063]: |oo= oo.          |
[   26.614124] cloud-init[1063]: |o=+O=B.          |
[   26.614905] cloud-init[1063]: |BB*.@+ E         |
[   26.615825] cloud-init[1063]: |XB*o.+o          |
[   26.616616] cloud-init[1063]: +----[SHA256]-----+
[   26.617308] cloud-init[1063]: Generating public/private ed25519 key pair.
[   26.618317] cloud-init[1063]: Your identification has been saved in /etc/ssh/ssh_host_ed25519_key.
[   26.619788] cloud-init[1063]: Your public key has been saved in /etc/ssh/ssh_host_ed25519_key.pub.
[   26.621184] cloud-init[1063]: The key fingerprint is:
[   26.621997] cloud-init[1063]: SHA256:jHenBuYnccc2H+DCDFto3uR+7ljvIUSt3brMw+xfiGo root@ubuntu-bionic
[   26.623456] cloud-init[1063]: The key's randomart image is:
[   26.624622] cloud-init[1063]: +--[ED25519 256]--+
[   26.625464] cloud-init[1063]: |                 |
[   26.626288] cloud-init[1063]: |         .   .   |
[   26.627142] cloud-init[1063]: |        + o o .  |
[   26.627975] cloud-init[1063]: |       = X + + . |
[   26.628803] cloud-init[1063]: |      . S O X o .|
[   26.629671] cloud-init[1063]: |       + * B + + |
[   26.630551] cloud-init[1063]: |        o = =o= .|
[   26.631354] cloud-init[1063]: |         +E* =+o.|
[   26.632024] cloud-init[1063]: |         .o.ooBo.|
[   26.632713] cloud-init[1063]: +----[SHA256]-----+
[[0;32m  OK  [0m] Started Initial cloud-init job (metadata service crawler).
[[0;32m  OK  [0m] Reached target Cloud-config availability.
[[0;32m  OK  [0m] Reached target System Initialization.
[[0;32m  OK  [0m] Started ACPI Events Check.
[[0;32m  OK  [0m] Listening on Open-iSCSI iscsid Socket.
[[0;32m  OK  [0m] Listening on cloud-init hotplug hook socket.
[[0;32m  OK  [0m] Started Message of the Day.
[[0;32m  OK  [0m] Reached target Paths.
         Starting Socket activation for snappy daemon.
[[0;32m  OK  [0m] Listening on D-Bus System Message Bus Socket.
[[0;32m  OK  [0m] Started Daily Cleanup of Temporary Directories.
[[0;32m  OK  [0m] Started Discard unused blocks once a week.
[[0;32m  OK  [0m] Started Ubuntu Advantage Timer for running repeated jobs.
[[0;32m  OK  [0m] Listening on UUID daemon activation socket.
[[0;32m  OK  [0m] Listening on ACPID Listen Socket.
         Starting LXD - unix socket.
[[0;32m  OK  [0m] Started Daily apt download activities.
[[0;32m  OK  [0m] Started Daily apt upgrade and clean activities.
[[0;32m  OK  [0m] Reached target Timers.
[[0;32m  OK  [0m] Reached target Network is Online.
[[0;32m  OK  [0m] Reached target Remote File Systems (Pre).
[[0;32m  OK  [0m] Reached target Remote File Systems.
         Starting Availability of block devices...
[[0;32m  OK  [0m] Listening on Socket activation for snappy daemon.
[[0;32m  OK  [0m] Listening on LXD - unix socket.
[[0;32m  OK  [0m] Reached target Sockets.
[[0;32m  OK  [0m] Reached target Basic System.
         Starting System Logging Service...
[[0;32m  OK  [0m] Reached target Login Prompts (Pre).
         Starting LXD - container startup/shutdown...
         Starting Accounts Service...
         Starting LSB: Record successful boot for GRUB...
         Starting Permit User Sessions...
         Starting Login Service...
[[0;32m  OK  [0m] Started D-Bus System Message Bus.
[[0;32m  OK  [0m] Started FUSE filesystem for LXC.
         Starting LSB: automatic crash report generation...
[[0;32m  OK  [0m] Started irqbalance daemon.
[[0;32m  OK  [0m] Started Regular background program processing daemon.
         Starting Pollinate to seed the pseudo random number generator...
[[0;32m  OK  [0m] Started Deferred execution scheduler.
         Starting Virtualbox guest utils...
         Starting Dispatcher daemon for systemd-networkd...
         Starting Snap Daemon...
[[0;32m  OK  [0m] Started System Logging Service.
[[0;32m  OK  [0m] Started Availability of block devices.
[[0;32m  OK  [0m] Started Permit User Sessions.
[[0;32m  OK  [0m] Started Login Service.
         Starting Authorization Manager...
[[0;32m  OK  [0m] Started Unattended Upgrades Shutdown.
         Starting Hold until boot process finishes up...
         Starting Terminate Plymouth Boot Screen...
[[0;32m  OK  [0m] Started Hold until boot process finishes up.
         Starting Set console scheme...
[[0;32m  OK  [0m] Started Serial Getty on ttyS0.
[[0;32m  OK  [0m] Started Terminate Plymouth Boot Screen.
[[0;32m  OK  [0m] Started LSB: automatic crash report generation.
[[0;32m  OK  [0m] Started Set console scheme.
[[0;32m  OK  [0m] Created slice system-getty.slice.
[[0;32m  OK  [0m] Started Getty on tty1.
[[0;32m  OK  [0m] Reached target Login Prompts.
[[0;32m  OK  [0m] Started LSB: Record successful boot for GRUB.
[[0;32m  OK  [0m] Started Authorization Manager.
[[0;32m  OK  [0m] Started Accounts Service.
[[0;32m  OK  [0m] Started Virtualbox guest utils.
[[0;32m  OK  [0m] Started LXD - container startup/shutdown.

Ubuntu 18.04.6 LTS ubuntu-bionic ttyS0

ubuntu-bionic login: [   42.596362] cloud-init[1870]: Cloud-init v. 23.1.2-0ubuntu0~18.04.1 running 'modules:config' at Fri, 15 Mar 2024 15:42:16 +0000. Up 41.17 seconds.
ci-info: no authorized SSH keys fingerprints found for user ubuntu.
<14>Mar 15 15:42:19 cloud-init: #############################################################
<14>Mar 15 15:42:19 cloud-init: -----BEGIN SSH HOST KEY FINGERPRINTS-----
<14>Mar 15 15:42:19 cloud-init: 1024 SHA256:XdOqaL0OZ1LboFTVuGau3J+GQp6ozsfw/LeHZPSSfBM root@ubuntu-bionic (DSA)
<14>Mar 15 15:42:19 cloud-init: 256 SHA256:ELy6mSgJsARND/67kXYrJZ6D6DYvMSqaT67jJbG9xH8 root@ubuntu-bionic (ECDSA)
<14>Mar 15 15:42:19 cloud-init: 256 SHA256:jHenBuYnccc2H+DCDFto3uR+7ljvIUSt3brMw+xfiGo root@ubuntu-bionic (ED25519)
<14>Mar 15 15:42:19 cloud-init: 2048 SHA256:eTgmOIZxNIuSJqYBDadV12U3/9w1F4Sb9XQnNVMG58k root@ubuntu-bionic (RSA)
<14>Mar 15 15:42:19 cloud-init: -----END SSH HOST KEY FINGERPRINTS-----
<14>Mar 15 15:42:19 cloud-init: #############################################################
-----BEGIN SSH HOST KEY KEYS-----
ecdsa-sha2-nistp256 AAAAE2VjZHNhLXNoYTItbmlzdHAyNTYAAAAIbmlzdHAyNTYAAABBBKwmoz1UTThK3O5uKxctkDYQlOGb5yjiszRgcIVp1fl2QXNq7SSe3bVsFz2r6EZg6MdEve8gVPKTeglAkI7T7sA= root@ubuntu-bionic
ssh-ed25519 AAAAC3NzaC1lZDI1NTE5AAAAIOdhlNN6W/Ta/7TQhkMD5c1bW/m5HmwyTuHswWTVy28D root@ubuntu-bionic
ssh-rsa AAAAB3NzaC1yc2EAAAADAQABAAABAQC0fN/eqPrTTpRvMJtVn0OE9eV26hnSGf8/PcABOXSnWPTcwcNudB6H3NnmXPnSatnqCcqHWpx0mLfDN11Pxq4TMWdDGyj7oexuSDpFUr1GJ7I96raH/YvMVGAly7SwyV3kQQiq1Lsxwx82FfWWVShAD+eAxtfh75wv7hAUhnCwuYiJESt7S+1SRUSwbgNkTKEwuqV50XwRFWPsdobTAn0o8mMq3qvnvbtOek6fPlB/EyGsMIcOP7uiq3Sl3ydC0tSMwXiFZG+O0/vkXMjCOdTJkOIwVr/kq/46cwd9n3GfF9IWBe7nHS/QTalk1U8k5hWtezqCmyv/D0H4o+umbsBD root@ubuntu-bionic
-----END SSH HOST KEY KEYS-----
[   43.592672] cloud-init[2024]: Cloud-init v. 23.1.2-0ubuntu0~18.04.1 running 'modules:final' at Fri, 15 Mar 2024 15:42:18 +0000. Up 43.20 seconds.
[   43.594711] cloud-init[2024]: Cloud-init v. 23.1.2-0ubuntu0~18.04.1 finished at Fri, 15 Mar 2024 15:42:19 +0000. Datasource DataSourceNoCloud [seed=/dev/sdb][dsmode=net].  Up 43.57 seconds
[[0;32m  OK  [0m] Stopped target Cloud-init target.
[[0;32m  OK  [0m] Stopped target Timers.
[[0;32m  OK  [0m] Stopped Discard unused blocks once a week.
[[0;32m  OK  [0m] Stopped Daily apt upgrade and clean activities.
[[0;32m  OK  [0m] Stopped Daily Cleanup of Temporary Directories.
         Stopping User Manager for UID 1000...
[[0;32m  OK  [0m] Stopped Daily apt download activities.
[[0;32m  OK  [0m] Closed Load/Save RF Kill Switch Status /dev/rfkill Watch.
[[0;32m  OK  [0m] Stopped Message of the Day.
         Stopping Availability of block devices...
         Stopping Authorization Manager...
[[0;32m  OK  [0m] Stopped Execute cloud user/final scripts.
[[0;32m  OK  [0m] Stopped Apply the settings specified in cloud-config.
[[0;32m  OK  [0m] Stopped target Cloud-config availability.
[[0;32m  OK  [0m] Stopped target Graphical Interface.
[[0;32m  OK  [0m] Stopped target Multi-User System.
         Stopping irqbalance daemon...
         Stopping System Logging Service...
         Stopping vsftpd FTP server...
         Stopping OpenBSD Secure Shell server...
         Stopping Deferred execution scheduler.         Stopping LSB: automatic crash report generation...
         Stopping Session 14 of user vagrant.
[[0;32m  OK  [0m] Stopped target System Time Synchronized.
[[0;32m  OK  [0m] Stopped Ubuntu Advantage Timer for running repeated jobs.
[[0;32m  OK  [0m] Unmounted /var/lib/lxcfs.
[[0;32m  OK  [0m] Stopped System Logging Service.
[[0;32m  OK  [0m] Stopped Accounts Service.
[[0;32m  OK  [0m] Stopped irqbalance daemon.
[[0;32m  OK  [0m] Stopped Deferred execution scheduler.
[[0;32m  OK  [0m] Stopped Dispatcher daemon for systemd-networkd.
[[0;32m  OK  [0m] Stopped Authorization Manager.
[[0;32m  OK  [0m] Stopped Serial Getty on ttyS0.
[[0;32m  OK  [0m] Stopped Getty on tty1.
[[0;32m  OK  [0m] Stopped Regular background program processing daemon.
[[0;32m  OK  [0m] Stopped vsftpd FTP server.
[[0;32m  OK  [0m] Stopped OpenBSD Secure Shell server.
[[0;32m  OK  [0m] Stopped User Manager for UID 1000.
[[0;32m  OK  [0m] Removed slice system-getty.slice.
[[0;32m  OK  [0m] Removed slice system-serial\x2dgetty.slice.
[[0;32m  OK  [0m] Stopped target Login Prompts (Pre).
[[0;32m  OK  [0m] Stopped Session 14 of user vagrant.
[[0;32m  OK  [0m] Removed slice User Slice of vagrant.
         Stopping Login Service...
         Stopping Permit User Sessions...
[[0;32m  OK  [0m] Stopped LXD - container startup/shutdown.
[[0;32m  OK  [0m] Stopped D-Bus System Message Bus.
[[0;32m  OK  [0m] Stopped The Apache HTTP Server.
[[0;32m  OK  [0m] Stopped target Host and Network Name Lookups.
[[0;32m  OK  [0m] Stopped Permit User Sessions.
[[0;32m  OK  [0m] Stopped Login Service.
[[0;32m  OK  [0m] Stopped target User and Group Name Lookups.
[[0;32m  OK  [0m] Stopped FUSE filesystem for LXC.
[[0;32m  OK  [0m] Stopped Availability of block devices.
[[0;32m  OK  [0m] Stopped LSB: Record successful boot for GRUB.
[[0;32m  OK  [0m] Stopped LSB: automatic crash report generation.
[[0;32m  OK  [0m] Stopped Virtualbox guest utils.
[[0;32m  OK  [0m] Stopped target Basic System.
[[0;32m  OK  [0m] Stopped target Sockets.
[[0;32m  OK  [0m] Closed Syslog Socket.
[[0;32m  OK  [0m] Closed Socket activation for snappy daemon.
[[0;32m  OK  [0m] Closed LXD - unix socket.
[[0;32m  OK  [0m] Closed ACPID Listen Socket.
[[0;32m  OK  [0m] Closed UUID daemon activation socket.
[[0;32m  OK  [0m] Closed cloud-init hotplug hook socket.
[[0;32m  OK  [0m] Closed D-Bus System Message Bus Socket.
[[0;32m  OK  [0m] Closed Open-iSCSI iscsid Socket.
[[0;32m  OK  [0m] Stopped target Paths.
[[0;32m  OK  [0m] Stopped ACPI Events Check.
[[0;32m  OK  [0m] Stopped target System Initialization.
         Stopping Update UTMP about System Boot/Shutdown...
[[0;32m  OK  [0m] Stopped Commit a transient machine-id on disk.
[[0;32m  OK  [0m] Stopped target Local Encrypted Volumes.
[[0;32m  OK  [0m] Stopped Dispatch Password Requests to Console Directory Watch.
[[0;32m  OK  [0m] Stopped Forward Password Requests to Wall Directory Watch.
         Stopping Load/Save Random Seed...
[[0;32m  OK  [0m] Stopped target Slices.
[[0;32m  OK  [0m] Removed slice User and Session Slice.
[[0;32m  OK  [0m] Stopped target Remote File Systems.
         Unmounting /root/data...
         Unmounting /vagrant...
[[0;32m  OK  [0m] Stopped Update UTMP about System Boot/Shutdown.
[[0;32m  OK  [0m] Unmounted /root/data.
[[0;32m  OK  [0m] Unmounted /vagrant.
[[0;32m  OK  [0m] Stopped target Remote File Systems (Pre).
[[0;32m  OK  [0m] Stopped target Network is Online.
[[0;32m  OK  [0m] Stopped target Network.
         Stopping Network Name Resolution...
[[0;32m  OK  [0m] Stopped Initial cloud-init job (metadata service crawler).
[[0;32m  OK  [0m] Stopped Load/Save Random Seed.
[[0;32m  OK  [0m] Stopped Network Name Resolution.
         Stopping Network Service...
[[0;32m  OK  [0m] Stopped Create Volatile Files and Directories.
[[0;32m  OK  [0m] Stopped target Local File Systems.
         Unmounting /run/user/1000...
[[0;32m  OK  [0m] Stopped target Mounted snaps.
[[0;32m  OK  [0m] Stopped target Mounting snaps.
[[0;32m  OK  [0m] Unmounted /run/user/1000.
[[0;32m  OK  [0m] Reached target Unmount All Filesystems.
[[0;32m  OK  [0m] Stopped target Local File Systems (Pre).
         Stopping Monitoring of LVM2 mirrors…ng dmeventd or progress polling...
[[0;32m  OK  [0m] Stopped Create Static Device Nodes in /dev.
[[0;32m  OK  [0m] Stopped target Swap.
[[0;32m  OK  [0m] Stopped Network Service.
[[0;32m  OK  [0m] Stopped target Network (Pre).
[[0;32m  OK  [0m] Stopped Initial cloud-init job (pre-networking).
[[0;32m  OK  [0m] Stopped Remount Root and Kernel File Systems.
[[0;32m  OK  [0m] Stopped Apply Kernel Variables.
[[0;32m  OK  [0m] Stopped Load Kernel Modules.
[[0;32m  OK  [0m] Reached target Shutdown.
[[0;32m  OK  [0m] Reached target Final Step.
         Starting Power-Off...
[ 5549.142432] reboot: Power down
